<?xml version="1.0" encoding="UTF-8"?>
<testng-results ignored="0" total="1" passed="1" failed="0" skipped="0">
  <reporter-output>
  </reporter-output>
  <suite started-at="2024-01-27T14:49:09 IST" name="Default suite" finished-at="2024-01-27T14:49:10 IST" duration-ms="465">
    <groups>
    </groups>
    <test started-at="2024-01-27T14:49:09 IST" name="Default test" finished-at="2024-01-27T14:49:10 IST" duration-ms="465">
      <class name="IgnorFields.TestIgnorFields">
        <test-method signature="testMethod1()[pri:0, instance:IgnorFields.TestIgnorFields@614ca7df]" started-at="2024-01-27T14:49:10 IST" name="testMethod1" finished-at="2024-01-27T14:49:10 IST" duration-ms="398" status="PASS">
          <reporter-output>
          </reporter-output>
        </test-method> <!-- testMethod1 -->
      </class> <!-- IgnorFields.TestIgnorFields -->
    </test> <!-- Default test -->
  </suite> <!-- Default suite -->
</testng-results>
